        -:    0:Source:Coverage3.c++
        -:    0:Graph:Coverage3.gcno
        -:    0:Data:Coverage3.gcda
        -:    0:Runs:1
        -:    0:Programs:1
        -:    1:// -------------
        -:    2:// Coverage3.c++
        -:    3:// -------------
        -:    4:
        -:    5:// http://gcc.gnu.org/onlinedocs/gcc/Gcov.html
        -:    6:
        -:    7:#include <cassert>  // assert
        -:    8:#include <iostream> // cout, endl
        -:    9:
        -:   10:#include "gtest/gtest.h"
        -:   11:
function _Z12cycle_lengthi called 1 returned 100% blocks executed 75%
        -:   12:int cycle_length (int n) {
        2:   13:    assert(n > 0);
branch  0 taken 0%
branch  1 taken 100%
        1:   14:    int c = 1;
       16:   15:    while (n > 1) {
branch  0 taken 88%
branch  1 taken 13%
        7:   16:        if ((n % 2) == 0)
branch  0 taken 71%
branch  1 taken 29%
        5:   17:            n = (n / 2);
        -:   18:        else
        2:   19:            n = (3 * n) + 1;
        7:   20:        ++c;}
        2:   21:    assert(c > 0);
branch  0 taken 0%
branch  1 taken 100%
        1:   22:    return c;}
        -:   23:
function __cxx_global_var_init called 1 returned 100% blocks executed 60%
function _ZN25CoverageFixture_test_Test8TestBodyEv called 1 returned 100% blocks executed 36%
function _ZN25CoverageFixture_test_TestC1Ev called 1 returned 100% blocks executed 100%
function _ZN25CoverageFixture_test_TestC2Ev called 1 returned 100% blocks executed 100%
function _ZN25CoverageFixture_test_TestD1Ev called 1 returned 100% blocks executed 100%
function _ZN25CoverageFixture_test_TestD2Ev called 1 returned 100% blocks executed 100%
function _ZN25CoverageFixture_test_TestD0Ev called 1 returned 100% blocks executed 100%
        7:   24:TEST(CoverageFixture, test) {
branch  0 taken 100%
branch  1 taken 0%
        6:   25:    ASSERT_EQ(cycle_length(3), 8);}
branch  0 taken 100%
branch  1 taken 0%
branch  2 taken 100%
branch  3 taken 0%
branch  4 never executed
branch  5 never executed
branch  6 never executed
branch  7 never executed
branch  8 never executed
branch  9 never executed
branch 10 never executed
branch 11 never executed
branch 12 taken 0%
branch 13 taken 100%
branch 14 taken 0%
        -:   26:
        -:   27:/*
        -:   28:% g++ -fprofile-arcs -ftest-coverage -pedantic -std=c++11 -Wall Coverage3.c++ -o Coverage3 -lgtest -lgtest_main -pthread
        -:   29:
        -:   30:
        -:   31:
        -:   32:% Coverage3
        -:   33:Running main() from gtest_main.cc
        -:   34:[==========] Running 1 test from 1 test case.
        -:   35:[----------] Global test environment set-up.
        -:   36:[----------] 1 test from CoverageFixture
        -:   37:[ RUN      ] CoverageFixture.test
        -:   38:[       OK ] CoverageFixture.test (0 ms)
        -:   39:[----------] 1 test from CoverageFixture (0 ms total)
        -:   40:
        -:   41:[----------] Global test environment tear-down
        -:   42:[==========] 1 test from 1 test case ran. (0 ms total)
        -:   43:[  PASSED  ] 1 test.
        -:   44:
        -:   45:
        -:   46:
        -:   47:% gcov-4.8 -b Coverage3.c++ | grep -A 5 "File 'Coverage3.c++'"
        -:   48:File 'Coverage3.c++'
        -:   49:Lines executed:100.00% of 12
        -:   50:Branches executed:71.43% of 28
        -:   51:Taken at least once:42.86% of 28
        -:   52:Calls executed:52.00% of 25
        -:   53:Creating 'Coverage3.c++.gcov'
        -:   54:*/
